\BOOKMARK [1][-]{section.1}{1. Current algebras on complex manifolds}{}% 1
\BOOKMARK [2][-]{subsection.1.1}{1.1. Recollections}{section.1}% 2
\BOOKMARK [3][-]{subsubsection.1.1.1}{1.1.1. Holomorphic principal bundles}{subsection.1.1}% 3
\BOOKMARK [3][-]{subsubsection.1.1.2}{1.1.2. Deformations of holomorphic principal bundles}{subsection.1.1}% 4
\BOOKMARK [2][-]{subsection.1.2}{1.2. Local Lie algebras and factorization algebras of currents}{section.1}% 5
\BOOKMARK [2][-]{subsection.1.3}{1.3. Shifted extensions of current algebras}{section.1}% 6
\BOOKMARK [3][-]{subsubsection.1.3.1}{1.3.1. The J functional}{subsection.1.3}% 7
\BOOKMARK [3][-]{subsubsection.1.3.2}{1.3.2. Relation to Chern-Weil theory}{subsection.1.3}% 8
\BOOKMARK [3][-]{subsubsection.1.3.3}{1.3.3. Holomorphic translation invariance}{subsection.1.3}% 9
\BOOKMARK [2][-]{subsection.1.4}{1.4. The Kac-Moody factorization algebra}{section.1}% 10
\BOOKMARK [1][-]{section.2}{2. Local aspects of the higher Kac-Moody factorization algebras}{}% 11
\BOOKMARK [2][-]{subsection.2.1}{2.1. Derived functions on punctured affine space}{section.2}% 12
\BOOKMARK [2][-]{subsection.2.2}{2.2. Compactifying the higher Kac-Moody algebras along spheres}{section.2}% 13
\BOOKMARK [3][-]{subsubsection.2.2.1}{2.2.1. The case of zero level}{subsection.2.2}% 14
\BOOKMARK [3][-]{subsubsection.2.2.2}{2.2.2. The case of non-zero level}{subsection.2.2}% 15
\BOOKMARK [2][-]{subsection.2.3}{2.3. A brief comparison with the work of Faonte-Hennion-Kapranov}{section.2}% 16
\BOOKMARK [2][-]{subsection.2.4}{2.4. An Ed algebra by compactifying along tori}{section.2}% 17
\BOOKMARK [1][-]{section.3}{3. Global aspects of the higher Kac-Moody factorization algebras}{}% 18
\BOOKMARK [2][-]{subsection.3.1}{3.1. The ``classical'' limit of the higher Kac-Moody algebras}{section.3}% 19
\BOOKMARK [2][-]{subsection.3.2}{3.2. Hopf manifolds and twisted indices}{section.3}% 20
\BOOKMARK [2][-]{subsection.3.3}{3.3. Variants of the higher Kac-Moody factorization algebras}{section.3}% 21
\BOOKMARK [1][-]{section.4}{4. Higher Kac-Moody factorization algebras as symmetries of field theories}{}% 22
\BOOKMARK [2][-]{subsection.4.1}{4.1. Higher dimensional holomorphic classical field theories with holomorphic symmetries}{section.4}% 23
\BOOKMARK [2][-]{subsection.4.2}{4.2. Anomalies obstructing quantization of the holomorphic symmetires}{section.4}% 24
\BOOKMARK [3][-]{subsubsection.4.2.1}{4.2.1. The anomaly calculation}{subsection.4.2}% 25
\BOOKMARK [2][-]{subsection.4.3}{4.3. Identifying the local anomaly with a global characteristic class}{section.4}% 26
\BOOKMARK [2][-]{subsection.4.4}{4.4. A vacuum module for the higher Kac-Moody algebras}{section.4}% 27
