\BOOKMARK [1][-]{section.1}{1. Lie algebras of currents}{}% 1
\BOOKMARK [2][-]{subsection.1.1}{1.1. Motivational discussion}{section.1}% 2
\BOOKMARK [2][-]{subsection.1.2}{1.2. Definitions}{section.1}% 3
\BOOKMARK [2][-]{subsection.1.3}{1.3. The sphere Lie algebras, or FHK current algebras}{section.1}% 4
\BOOKMARK [2][-]{subsection.1.4}{1.4. Dimension d extensions via Gelfand-Kazhdan geometry}{section.1}% 5
\BOOKMARK [1][-]{section.2}{2. Factorization algebras of currents}{}% 6
\BOOKMARK [2][-]{subsection.2.1}{2.1. The factorization algebra}{section.2}% 7
\BOOKMARK [2][-]{subsection.2.2}{2.2. Relation to the ordinary Kac-Moody on Riemann surfaces}{section.2}% 8
\BOOKMARK [1][-]{section.3}{3. Sphere and loop algebras}{}% 9
\BOOKMARK [2][-]{subsection.3.1}{3.1. The higher sphere algebra}{section.3}% 10
\BOOKMARK [2][-]{subsection.3.2}{3.2. The strategy}{section.3}% 11
\BOOKMARK [2][-]{subsection.3.3}{3.3. Higher loop algebras}{section.3}% 12
\BOOKMARK [1][-]{section.4}{4. Formal index theorem on the moduli of G-bundles}{}% 13
\BOOKMARK [2][-]{subsection.4.1}{4.1. The families index}{section.4}% 14
\BOOKMARK [2][-]{subsection.4.2}{4.2. Quantization in formal families}{section.4}% 15
\BOOKMARK [2][-]{subsection.4.3}{4.3. Classical symmetries of a classical BV theory}{section.4}% 16
\BOOKMARK [2][-]{subsection.4.4}{4.4. Quantum symmetries in the BV formalism}{section.4}% 17
\BOOKMARK [2][-]{subsection.4.5}{4.5. The anomaly for the \040system}{section.4}% 18
\BOOKMARK [1][-]{section.5}{5. Higher Kac\205Moody as a boundary theory}{}% 19
\BOOKMARK [2][-]{subsection.5.1}{5.1. 5d N=1 supersymmetric gauge theory}{section.5}% 20
\BOOKMARK [2][-]{subsection.5.2}{5.2. 5d N=1 from 6d N=\(1,0\)}{section.5}% 21
\BOOKMARK [2][-]{subsection.5.3}{5.3. The classical boundary observables}{section.5}% 22
\BOOKMARK [2][-]{subsection.5.4}{5.4. The quantum boundary observables}{section.5}% 23
\BOOKMARK [1][-]{appendix.A}{Appendix A. L algebras and their modules}{}% 24
\BOOKMARK [2][-]{subsection.A.1}{A.1. Extensions from cocycles}{appendix.A}% 25
\BOOKMARK [1][-]{appendix.B}{Appendix B. Homotopy Poisson structures}{}% 26
