\BOOKMARK [1][-]{section*.2}{}{}% 1
\BOOKMARK [1][-]{section.1}{1. Current algebras on complex manifolds}{}% 2
\BOOKMARK [2][-]{subsection.1.1}{1.1. Local Lie algebras}{section.1}% 3
\BOOKMARK [2][-]{subsection.1.2}{1.2. Current algebras as enveloping factorization algebras of local Lie algebras}{section.1}% 4
\BOOKMARK [2][-]{subsection.1.3}{1.3. Local cocycles and shifted extensions}{section.1}% 5
\BOOKMARK [2][-]{subsection.1.4}{1.4. The higher Kac-Moody factorization algebra}{section.1}% 6
\BOOKMARK [1][-]{section.2}{2. Local aspects of the higher Kac-Moody factorization algebras}{}% 7
\BOOKMARK [2][-]{subsection.2.1}{2.1. Compactifying the higher Kac-Moody algebras along spheres}{section.2}% 8
\BOOKMARK [2][-]{subsection.2.2}{2.2. Compactifying along tori}{section.2}% 9
\BOOKMARK [1][-]{section.3}{3. The holomorphic charge anomaly}{}% 10
\BOOKMARK [2][-]{subsection.3.1}{3.1. Equivariant holomorphic matter}{section.3}% 11
\BOOKMARK [2][-]{subsection.3.2}{3.2. The equivariant quantization}{section.3}% 12
\BOOKMARK [2][-]{subsection.3.3}{3.3. The charge anomaly for }{section.3}% 13
\BOOKMARK [2][-]{subsection.3.4}{3.4. The quantum observables of the \040system}{section.3}% 14
\BOOKMARK [2][-]{subsection.3.5}{3.5. Free field realization}{section.3}% 15
\BOOKMARK [1][-]{section.4}{4. Global aspects of the higher Kac-Moody factorization algebras}{}% 16
\BOOKMARK [2][-]{subsection.4.1}{4.1. Hopf manifolds and twisted indices}{section.4}% 17
\BOOKMARK [2][-]{subsection.4.2}{4.2. The Kac-Moody vertex algebra and compactification}{section.4}% 18
\BOOKMARK [1][-]{section.5}{5. Large N limits}{}% 19
\BOOKMARK [1][-]{appendix.A}{Appendix A. Local functionals}{}% 20
\BOOKMARK [1][-]{appendix.B}{Appendix B. Computing the deformation complex}{}% 21
\BOOKMARK [1][-]{appendix.C}{Appendix C. Normalizing the charge anomaly}{}% 22
