\BOOKMARK [1][-]{section.1}{1. Current algebras on complex manifolds}{}% 1
\BOOKMARK [2][-]{subsection.1.1}{1.1. Local Lie algebras}{section.1}% 2
\BOOKMARK [2][-]{subsection.1.2}{1.2. Current algebras as enveloping factorization algebras of local Lie algebras}{section.1}% 3
\BOOKMARK [2][-]{subsection.1.3}{1.3. Local cocycles and shifted extensions}{section.1}% 4
\BOOKMARK [3][-]{subsubsection.1.3.1}{1.3.1. Local cochains of a local Lie algebra}{subsection.1.3}% 5
\BOOKMARK [3][-]{subsubsection.1.3.2}{1.3.2. Shifted extensions}{subsection.1.3}% 6
\BOOKMARK [3][-]{subsubsection.1.3.3}{1.3.3. Twists of the current algebras}{subsection.1.3}% 7
\BOOKMARK [3][-]{subsubsection.1.3.4}{1.3.4. A special class of cocycles: the j functional}{subsection.1.3}% 8
\BOOKMARK [3][-]{subsubsection.1.3.5}{1.3.5. Another special class: the Nekrasov extensions}{subsection.1.3}% 9
\BOOKMARK [2][-]{subsection.1.4}{1.4. The higher Kac-Moody factorization algebra}{section.1}% 10
\BOOKMARK [3][-]{subsubsection.1.4.1}{1.4.1. Holomorphic translation invariance and higher dimensional vertex algebras}{subsection.1.4}% 11
\BOOKMARK [1][-]{section.2}{2. Local aspects of the higher Kac-Moody factorization algebras}{}% 12
\BOOKMARK [2][-]{subsection.2.1}{2.1. Compactifying the higher Kac-Moody algebras along spheres}{section.2}% 13
\BOOKMARK [3][-]{subsubsection.2.1.1}{2.1.1. Derived functions on punctured affine space}{subsection.2.1}% 14
\BOOKMARK [3][-]{subsubsection.2.1.2}{2.1.2. }{subsection.2.1}% 15
\BOOKMARK [3][-]{subsubsection.2.1.3}{2.1.3. The case of zero level}{subsection.2.1}% 16
\BOOKMARK [3][-]{subsubsection.2.1.4}{2.1.4. The case of non-zero level}{subsection.2.1}% 17
\BOOKMARK [2][-]{subsection.2.2}{2.2. A brief comparison with the work of Faonte-Hennion-Kapranov}{section.2}% 18
\BOOKMARK [2][-]{subsection.2.3}{2.3. An Ed algebra by compactifying along tori}{section.2}% 19
\BOOKMARK [2][-]{subsection.2.4}{2.4. Large N limits}{section.2}% 20
\BOOKMARK [1][-]{section.3}{3. Global aspects of the higher Kac-Moody factorization algebras}{}% 21
\BOOKMARK [2][-]{subsection.3.1}{3.1. Hopf manifolds and twisted indices}{section.3}% 22
\BOOKMARK [2][-]{subsection.3.2}{3.2. Variants of the higher Kac-Moody factorization algebras}{section.3}% 23
\BOOKMARK [2][-]{subsection.3.3}{.0. Large N limits}{section.3}% 24
\BOOKMARK [1][-]{appendix.A}{Appendix A. Local functionals}{}% 25
\BOOKMARK [1][-]{appendix.B}{Appendix B. Computing the deformation complex}{}% 26
